[debug] ----------------------------------------------------------------------
[debug] Command:      /usr/bin/nodejs /usr/bin/firebase deploy
[debug] CLI Version:  3.5.0
[debug] Platform:     linux
[debug] Node Version: v6.9.4
[debug] Time:         Mon Apr 03 2017 21:02:30 GMT+0530 (IST)
[debug] ----------------------------------------------------------------------
[debug] 
[debug] > command requires scopes: ["email","openid","https://www.googleapis.com/auth/cloudplatformprojects.readonly","https://www.googleapis.com/auth/firebase","https://www.googleapis.com/auth/cloud-platform"]
[debug] >>> HTTP REQUEST GET https://admin.firebase.com/v1/projects/crd-test  
 Mon Apr 03 2017 21:02:30 GMT+0530 (IST)
[debug] <<< HTTP RESPONSE 200
[debug] >>> HTTP REQUEST GET https://admin.firebase.com/v1/database/crd-test/tokens  
 Mon Apr 03 2017 21:02:33 GMT+0530 (IST)
[debug] <<< HTTP RESPONSE 200
[info] 
[info] === Deploying to 'crd-test'...
[info] 
[info] i  deploying database, functions, hosting
[info] ✔  database: rules ready to deploy.
[debug] > [functions] package.json contents: {
  "name": "functions",
  "description": "Cloud Functions for Firebase",
  "dependencies": {
    "firebase-admin": "^4.1.2",
    "firebase-functions": "^0.5"
  },
  "private": true
}
[info] i  functions: ensuring necessary APIs are enabled...
[info] i  runtimeconfig: ensuring necessary APIs are enabled...
[debug] >>> HTTP REQUEST GET https://servicemanagement.googleapis.com/v1/services/cloudfunctions.googleapis.com/projectSettings/crd-test?view=CONSUMER_VIEW  
 Mon Apr 03 2017 21:02:37 GMT+0530 (IST)
[debug] >>> HTTP REQUEST GET https://servicemanagement.googleapis.com/v1/services/runtimeconfig.googleapis.com/projectSettings/crd-test?view=CONSUMER_VIEW  
 Mon Apr 03 2017 21:02:37 GMT+0530 (IST)
[debug] <<< HTTP RESPONSE 200
[info] ✔  runtimeconfig: all necessary APIs are enabled
[debug] <<< HTTP RESPONSE 200
[info] ✔  functions: all necessary APIs are enabled
[debug] >>> HTTP REQUEST GET https://appengine.googleapis.com/v1/apps/crd-test  
 Mon Apr 03 2017 21:02:39 GMT+0530 (IST)
[debug] >>> HTTP REQUEST GET https://apikeys.googleapis.com/v1/projects/crd-test/apiKeys  
 Mon Apr 03 2017 21:02:39 GMT+0530 (IST)
[debug] <<< HTTP RESPONSE 200
[debug] <<< HTTP RESPONSE 200
[info] i  functions: preparing functions directory for uploading...
[debug] >>> HTTP REQUEST GET https://runtimeconfig.googleapis.com/v1beta1/projects/crd-test/configs  
 Mon Apr 03 2017 21:02:41 GMT+0530 (IST)
[debug] <<< HTTP RESPONSE 200
[debug] > [functions] runtime config materialized as: {
  "firebase": {
    "databaseURL": "https://crd-test.firebaseio.com",
    "storageBucket": "crd-test.appspot.com",
    "apiKey": "AIzaSyC08QiwlO01VMYM86uIXGZ4AOmxex54LKI",
    "authDomain": "crd-test.firebaseapp.com"
  }
}
[debug] > [functions] parsed triggers: []
[info] i  hosting: preparing dist directory for upload...
